0 verbose cli C:\Program Files\nodejs\node.exe C:\Users\LENOVO\Documents\Talent Project\tmpnodejs\node_modules\npm\bin\npm-cli.js
1 info using npm@9.8.1
2 info using node@v18.17.0
3 timing npm:load:whichnode Completed in 11ms
4 timing config:load:defaults Completed in 15ms
5 timing config:load:file:C:\Users\LENOVO\Documents\Talent Project\tmpnodejs\node_modules\npm\npmrc Completed in 42ms
6 timing config:load:builtin Completed in 45ms
7 timing config:load:cli Completed in 10ms
8 timing config:load:env Completed in 2ms
9 timing config:load:file:C:\Users\LENOVO\Documents\Talent Project\.npmrc Completed in 1ms
10 timing config:load:project Completed in 5ms
11 timing config:load:file:C:\Users\LENOVO\.npmrc Completed in 1ms
12 timing config:load:user Completed in 1ms
13 timing config:load:file:C:\Users\LENOVO\AppData\Roaming\npm\etc\npmrc Completed in 2ms
14 timing config:load:global Completed in 3ms
15 timing config:load:setEnvs Completed in 3ms
16 timing config:load Completed in 86ms
17 timing npm:load:configload Completed in 87ms
18 timing config:load:flatten Completed in 10ms
19 timing npm:load:mkdirpcache Completed in 1ms
20 timing npm:load:mkdirplogs Completed in 1ms
21 verbose title npm start
22 verbose argv "start"
23 timing npm:load:setTitle Completed in 3ms
24 timing npm:load:display Completed in 2ms
25 verbose logfile logs-max:10 dir:C:\Users\LENOVO\Documents\Talent Project\tmpnodejsnpm-cache\_logs\2023-07-23T22_12_22_066Z-
26 verbose logfile C:\Users\LENOVO\Documents\Talent Project\tmpnodejsnpm-cache\_logs\2023-07-23T22_12_22_066Z-debug-0.log
27 timing npm:load:logFile Completed in 58ms
28 timing npm:load:timers Completed in 0ms
29 timing npm:load:configScope Completed in 1ms
30 timing npm:load Completed in 268ms
31 timing command:run-script Completed in 9ms
32 timing command:start Completed in 60ms
33 verbose stack Error: Could not read package.json: Error: ENOENT: no such file or directory, open 'C:\Users\LENOVO\Documents\Talent Project\package.json'
34 verbose cwd C:\Users\LENOVO\Documents\Talent Project
35 verbose Windows_NT 10.0.22000
36 verbose node v18.17.0
37 verbose npm  v9.8.1
38 error code ENOENT
39 error syscall open
40 error path C:\Users\LENOVO\Documents\Talent Project\package.json
41 error errno -4058
42 error enoent Could not read package.json: Error: ENOENT: no such file or directory, open 'C:\Users\LENOVO\Documents\Talent Project\package.json'
43 error enoent This is related to npm not being able to find a file.
43 error enoent
44 verbose exit -4058
45 timing npm Completed in 1145ms
46 verbose code -4058
47 error A complete log of this run can be found in: C:\Users\LENOVO\Documents\Talent Project\tmpnodejsnpm-cache\_logs\2023-07-23T22_12_22_066Z-debug-0.log
