0 verbose cli C:\Program Files\nodejs\node.exe C:\Program Files\nodejs\node_modules\npm\bin\npm-cli.js
1 info using npm@9.6.7
2 info using node@v18.17.0
3 timing npm:load:whichnode Completed in 4ms
4 timing config:load:defaults Completed in 15ms
5 timing config:load:file:C:\Program Files\nodejs\node_modules\npm\npmrc Completed in 3ms
6 timing config:load:builtin Completed in 4ms
7 timing config:load:cli Completed in 4ms
8 timing config:load:env Completed in 1ms
9 timing config:load:project Completed in 2ms
10 timing config:load:file:C:\Users\LENOVO\.npmrc Completed in 0ms
11 timing config:load:user Completed in 1ms
12 timing config:load:file:C:\Users\LENOVO\AppData\Roaming\npm\etc\npmrc Completed in 1ms
13 timing config:load:global Completed in 1ms
14 timing config:load:setEnvs Completed in 2ms
15 timing config:load Completed in 30ms
16 timing npm:load:configload Completed in 30ms
17 timing npm:load:mkdirpcache Completed in 0ms
18 timing npm:load:mkdirplogs Completed in 1ms
19 verbose title npm install npm
20 verbose argv "install" "--global" "npm"
21 timing npm:load:setTitle Completed in 3ms
22 timing config:load:flatten Completed in 20ms
23 timing npm:load:display Completed in 22ms
24 verbose logfile logs-max:10 dir:C:\Users\LENOVO\Documents\Talent Project\tmpnodejsnpm-cache\_logs\2023-07-23T17_51_13_714Z-
25 verbose logfile C:\Users\LENOVO\Documents\Talent Project\tmpnodejsnpm-cache\_logs\2023-07-23T17_51_13_714Z-debug-0.log
26 timing npm:load:logFile Completed in 40ms
27 timing npm:load:timers Completed in 0ms
28 timing npm:load:configScope Completed in 0ms
29 timing npm:load Completed in 104ms
30 timing config:load:flatten Completed in 1ms
31 silly logfile done cleaning log files
32 http fetch GET 200 https://registry.npmjs.org/npm 13659ms (cache miss)
33 timing arborist:ctor Completed in 3ms
34 timing idealTree:init Completed in 14ms
35 timing idealTree:userRequests Completed in 5ms
36 silly idealTree buildDeps
37 silly fetch manifest npm@*
38 http fetch GET 200 https://registry.npmjs.org/npm 101ms (cache hit)
39 silly placeDep ROOT npm@9.8.1 OK for:  want: *
40 timing idealTree:#root Completed in 224ms
41 timing idealTree:node_modules/npm Completed in 0ms
42 timing idealTree:buildDeps Completed in 226ms
43 timing idealTree:fixDepFlags Completed in 1ms
44 timing idealTree Completed in 248ms
45 timing reify:loadTrees Completed in 254ms
46 timing reify:diffTrees Completed in 3ms
47 silly reify moves {}
48 timing reify:retireShallow Completed in 3ms
49 timing reify:createSparse Completed in 64ms
50 silly tarball no local data for npm@https://registry.npmjs.org/npm/-/npm-9.8.1.tgz. Extracting by manifest.
51 http fetch GET 200 https://registry.npmjs.org/npm/-/npm-9.8.1.tgz 39012ms (cache miss)
52 timing reifyNode:node_modules/npm Completed in 39044ms
53 timing arborist:ctor Completed in 0ms
54 timing reify:diffTrees Completed in 6ms
55 timing reify:loadBundles Completed in 40379ms
56 timing reify:unpack Completed in 1ms
57 timing reify:unretire Completed in 0ms
58 timing build:queue Completed in 75ms
59 timing build:link:node_modules/npm/node_modules/@npmcli/arborist Completed in 137ms
60 timing build:link:node_modules/npm/node_modules/cross-spawn/node_modules/which Completed in 132ms
61 timing build:link:node_modules/npm Completed in 139ms
62 timing build:link:node_modules/npm/node_modules/color-support Completed in 136ms
63 timing build:link:node_modules/npm/node_modules/cssesc Completed in 136ms
64 timing build:link:node_modules/npm/node_modules/glob Completed in 137ms
65 timing build:link:node_modules/npm/node_modules/@npmcli/installed-package-contents Completed in 138ms
66 timing build:link:node_modules/npm/node_modules/node-gyp/node_modules/nopt Completed in 133ms
67 timing build:link:node_modules/npm/node_modules/mkdirp Completed in 136ms
68 timing build:link:node_modules/npm/node_modules/node-gyp Completed in 136ms
69 timing build:link:node_modules/npm/node_modules/nopt Completed in 136ms
70 timing build:link:node_modules/npm/node_modules/pacote Completed in 135ms
71 timing build:link:node_modules/npm/node_modules/qrcode-terminal Completed in 136ms
72 timing build:link:node_modules/npm/node_modules/rimraf Completed in 135ms
73 timing build:link:node_modules/npm/node_modules/sigstore Completed in 135ms
74 timing build:link:node_modules/npm/node_modules/node-gyp/node_modules/which Completed in 134ms
75 timing build:link:node_modules/npm/node_modules/semver Completed in 138ms
76 timing build:link:node_modules/npm/node_modules/which Completed in 137ms
77 timing build:link Completed in 144ms
78 timing build:deps Completed in 220ms
79 timing build Completed in 220ms
80 timing reify:build Completed in 221ms
81 timing reify:trash Completed in 0ms
82 timing reify Completed in 40951ms
83 silly ADD node_modules/npm
84 timing command:install Completed in 54778ms
85 verbose exit 0
86 timing npm Completed in 55895ms
87 info ok
