0 verbose cli C:\Program Files\nodejs\node.exe C:\Users\LENOVO\Documents\Talent Project\tmpnodejs\node_modules\npm\bin\npm-cli.js
1 info using npm@9.8.1
2 info using node@v18.17.0
3 timing npm:load:whichnode Completed in 6ms
4 timing config:load:defaults Completed in 16ms
5 timing config:load:file:C:\Users\LENOVO\Documents\Talent Project\tmpnodejs\node_modules\npm\npmrc Completed in 3ms
6 timing config:load:builtin Completed in 5ms
7 timing config:load:cli Completed in 5ms
8 timing config:load:env Completed in 2ms
9 timing config:load:file:C:\Users\LENOVO\Documents\Talent Project\talentverify-frontend\.npmrc Completed in 0ms
10 timing config:load:project Completed in 4ms
11 timing config:load:file:C:\Users\LENOVO\.npmrc Completed in 0ms
12 timing config:load:user Completed in 1ms
13 timing config:load:file:C:\Users\LENOVO\Documents\Talent Project\tmpnodejs\etc\npmrc Completed in 0ms
14 timing config:load:global Completed in 0ms
15 timing config:load:setEnvs Completed in 1ms
16 timing config:load Completed in 35ms
17 timing npm:load:configload Completed in 35ms
18 timing config:load:flatten Completed in 5ms
19 timing npm:load:mkdirpcache Completed in 0ms
20 timing npm:load:mkdirplogs Completed in 0ms
21 verbose title npm config list
22 verbose argv "config" "list"
23 timing npm:load:setTitle Completed in 2ms
24 timing npm:load:display Completed in 2ms
25 verbose logfile logs-max:10 dir:C:\Users\LENOVO\Documents\Talent Project\tmpnodejsnpm-cache\_logs\2023-07-23T17_53_12_870Z-
26 verbose logfile C:\Users\LENOVO\Documents\Talent Project\tmpnodejsnpm-cache\_logs\2023-07-23T17_53_12_870Z-debug-0.log
27 timing npm:load:logFile Completed in 37ms
28 timing npm:load:timers Completed in 0ms
29 timing npm:load:configScope Completed in 0ms
30 timing npm:load Completed in 138ms
31 timing command:config Completed in 14ms
32 verbose exit 0
33 timing npm Completed in 319ms
34 info ok
