0 verbose cli C:\Program Files\nodejs\node.exe C:\Program Files\nodejs\node_modules\npm\bin\npm-cli.js
1 info using npm@9.6.7
2 info using node@v18.17.0
3 timing npm:load:whichnode Completed in 4ms
4 timing config:load:defaults Completed in 5ms
5 timing config:load:file:C:\Program Files\nodejs\node_modules\npm\npmrc Completed in 5ms
6 timing config:load:builtin Completed in 6ms
7 timing config:load:cli Completed in 5ms
8 timing config:load:env Completed in 1ms
9 timing config:load:project Completed in 4ms
10 timing config:load:file:C:\Users\LENOVO\.npmrc Completed in 0ms
11 timing config:load:user Completed in 0ms
12 timing config:load:file:C:\Users\LENOVO\AppData\Roaming\npm\etc\npmrc Completed in 1ms
13 timing config:load:global Completed in 1ms
14 timing config:load:setEnvs Completed in 1ms
15 timing config:load Completed in 30ms
16 timing npm:load:configload Completed in 34ms
17 timing npm:load:mkdirpcache Completed in 2ms
18 timing npm:load:mkdirplogs Completed in 1ms
19 verbose title npm prefix
20 verbose argv "prefix" "--global"
21 timing npm:load:setTitle Completed in 4ms
22 timing config:load:flatten Completed in 12ms
23 timing npm:load:display Completed in 37ms
24 verbose logfile logs-max:10 dir:C:\Users\LENOVO\Documents\Talent Project\talentverify\tmpnodejsnpm-cache\_logs\2023-07-23T17_46_53_342Z-
25 verbose logfile C:\Users\LENOVO\Documents\Talent Project\talentverify\tmpnodejsnpm-cache\_logs\2023-07-23T17_46_53_342Z-debug-0.log
26 timing npm:load:logFile Completed in 32ms
27 timing npm:load:timers Completed in 0ms
28 timing npm:load:configScope Completed in 0ms
29 timing npm:load Completed in 115ms
30 timing command:prefix Completed in 2ms
31 verbose exit 0
32 timing npm Completed in 138ms
33 info ok
