0 verbose cli C:\Program Files\nodejs\node.exe C:\Program Files\nodejs\node_modules\npm\bin\npm-cli.js
1 info using npm@9.6.7
2 info using node@v18.17.0
3 timing npm:load:whichnode Completed in 4ms
4 timing config:load:defaults Completed in 9ms
5 timing config:load:file:C:\Program Files\nodejs\node_modules\npm\npmrc Completed in 10ms
6 timing config:load:builtin Completed in 11ms
7 timing config:load:cli Completed in 3ms
8 timing config:load:env Completed in 1ms
9 timing config:load:file:C:\Users\LENOVO\Documents\Talent Project\talentverify\.npmrc Completed in 1ms
10 timing config:load:project Completed in 3ms
11 timing config:load:file:C:\Users\LENOVO\.npmrc Completed in 0ms
12 timing config:load:user Completed in 0ms
13 timing config:load:file:C:\Users\LENOVO\AppData\Roaming\npm\etc\npmrc Completed in 3ms
14 timing config:load:global Completed in 3ms
15 timing config:load:setEnvs Completed in 2ms
16 timing config:load Completed in 32ms
17 timing npm:load:configload Completed in 32ms
18 timing npm:load:mkdirpcache Completed in 1ms
19 timing npm:load:mkdirplogs Completed in 0ms
20 verbose title npm exec create-react-app talentverify-frontend
21 verbose argv "exec" "--" "create-react-app" "talentverify-frontend"
22 timing npm:load:setTitle Completed in 4ms
23 timing config:load:flatten Completed in 10ms
24 timing npm:load:display Completed in 11ms
25 verbose logfile logs-max:10 dir:C:\Users\LENOVO\Documents\Talent Project\talentverify\tmpnodejsnpm-cache\_logs\2023-07-23T17_46_54_543Z-
26 verbose logfile C:\Users\LENOVO\Documents\Talent Project\talentverify\tmpnodejsnpm-cache\_logs\2023-07-23T17_46_54_543Z-debug-0.log
27 timing npm:load:logFile Completed in 56ms
28 timing npm:load:timers Completed in 1ms
29 timing npm:load:configScope Completed in 0ms
30 timing npm:load Completed in 109ms
31 timing arborist:ctor Completed in 3ms
32 silly logfile done cleaning log files
33 http fetch GET 200 https://registry.npmjs.org/create-react-app 4690ms (cache miss)
34 timing arborist:ctor Completed in 2ms
35 timing command:exec Completed in 5061ms
36 verbose stack Error: ENOENT: no such file or directory, lstat 'C:\Users\LENOVO\Documents\Talent Project\talentverify\tmpnodejs'
37 verbose cwd C:\Users\LENOVO\Documents\Talent Project\talentverify
38 verbose Windows_NT 10.0.22000
39 verbose node v18.17.0
40 verbose npm  v9.6.7
41 error code ENOENT
42 error syscall lstat
43 error path C:\Users\LENOVO\Documents\Talent Project\talentverify\tmpnodejs
44 error errno -4058
45 error enoent ENOENT: no such file or directory, lstat 'C:\Users\LENOVO\Documents\Talent Project\talentverify\tmpnodejs'
46 error enoent This is related to npm not being able to find a file.
46 error enoent
47 verbose exit -4058
48 timing npm Completed in 7749ms
49 verbose code -4058
50 error A complete log of this run can be found in: C:\Users\LENOVO\Documents\Talent Project\talentverify\tmpnodejsnpm-cache\_logs\2023-07-23T17_46_54_543Z-debug-0.log
